Using pre-set license
Built from '2020.3/staging' branch; Version is '2020.3.6f1 (338bb68529b2) revision 3378102'; Using compiler version '192528614'; Build Type 'Release'
OS: 'Windows 10 Home; OS build 19044.2006; Version 2009; 64bit' Language: 'pl' Physical Memory: 16348 MB
BatchMode: 1, IsHumanControllingUs: 0, StartBugReporterOnCrash: 0, Is64bit: 1, IsPro: 0

 COMMAND LINE ARGUMENTS:
F:\Unity\2020.3.6f1\Editor\Unity.exe
-adb2
-batchMode
-noUpm
-name
AssetImportWorker0
-projectPath
F:/Repo/WoodlandGames Pac-Man
-logFile
Logs/AssetImportWorker0.log
-srvPort
56638
Successfully changed project path to: F:/Repo/WoodlandGames Pac-Man
F:/Repo/WoodlandGames Pac-Man
Using Asset Import Pipeline V2.
Refreshing native plugins compatible for Editor in 28.00 ms, found 0 plugins.
Preloading 0 native plugins for Editor in 0.00 ms.
Initialize engine version: 2020.3.6f1 (338bb68529b2)
[Subsystems] Discovering subsystems at path F:/Unity/2020.3.6f1/Editor/Data/Resources/UnitySubsystems
[Subsystems] Discovering subsystems at path F:/Repo/WoodlandGames Pac-Man/Assets
GfxDevice: creating device client; threaded=0
Direct3D:
    Version:  Direct3D 11.0 [level 11.1]
    Renderer: NVIDIA GeForce GTX 1050 Ti (ID=0x1c82)
    Vendor:   
    VRAM:     4018 MB
    Driver:   27.21.14.5751
Initialize mono
Mono path[0] = 'F:/Unity/2020.3.6f1/Editor/Data/Managed'
Mono path[1] = 'F:/Unity/2020.3.6f1/Editor/Data/MonoBleedingEdge/lib/mono/unityjit'
Mono config path = 'F:/Unity/2020.3.6f1/Editor/Data/MonoBleedingEdge/etc'
Using monoOptions --debugger-agent=transport=dt_socket,embedding=1,server=y,suspend=n,address=127.0.0.1:56900
Begin MonoManager ReloadAssembly
Registering precompiled unity dll's ...
Register platform support module: F:/Unity/2020.3.6f1/Editor/Data/PlaybackEngines/WindowsStandaloneSupport/UnityEditor.WindowsStandalone.Extensions.dll
Registered in 0.001152 seconds.
Native extension for WindowsStandalone target not found
Refreshing native plugins compatible for Editor in 29.44 ms, found 0 plugins.
Preloading 0 native plugins for Editor in 0.00 ms.
Mono: successfully reloaded assembly
- Completed reload, in  1.032 seconds
Platform modules already initialized, skipping
Registering precompiled user dll's ...
Registered in 0.000929 seconds.
Begin MonoManager ReloadAssembly
Native extension for WindowsStandalone target not found
Refreshing native plugins compatible for Editor in 28.79 ms, found 0 plugins.
Preloading 0 native plugins for Editor in 0.00 ms.
Mono: successfully reloaded assembly
- Completed reload, in  0.988 seconds
Platform modules already initialized, skipping
========================================================================
Worker process is ready to serve import requests
Launched and connected shader compiler UnityShaderCompiler.exe after 0.06 seconds
Refreshing native plugins compatible for Editor in 0.21 ms, found 0 plugins.
Preloading 0 native plugins for Editor in 0.00 ms.
Unloading 1111 Unused Serialized files (Serialized files now loaded: 0)
System memory in use before: 64.5 MB.
System memory in use after: 64.6 MB.

Unloading 12 unused Assets to reduce memory usage. Loaded Objects now: 1556.
Total: 2.050700 ms (FindLiveObjects: 0.160800 ms CreateObjectMapping: 0.163900 ms MarkObjects: 1.636200 ms  DeleteObjects: 0.088700 ms)

========================================================================
Received Import Request.
  path: Assets/_PROJECT/Scripts/EnemyController.cs
  artifactKey: Guid(dc6d479e762743b44ac15a61f41701cb) Importer(815301076,1909f56bfc062723c751e8b465ee728b)
Start importing Assets/_PROJECT/Scripts/EnemyController.cs using Guid(dc6d479e762743b44ac15a61f41701cb) Importer(815301076,1909f56bfc062723c751e8b465ee728b)  -> (artifact id: 'ff5839cb90691829ae617f892f77f856') in 0.033571 seconds
  Import took 0.035427 seconds .

AssetImportWorkerClient::OnTransportError - code=2 error=End of file
